// Enhance real-time flow classification accuracy – 2026-03-20 15:00:00
// Refactor anomaly detection neural pipeline – 2026-03-20 15:00:00
// Strengthen intrusion detection heuristics – 2026-03-20 15:00:00
// Refactor anomaly detection neural pipeline – 2026-03-20 15:00:00
// Optimize packet capture throughput in Go layer – 2026-03-20 15:00:00
// Strengthen intrusion detection heuristics – 2026-03-20 15:00:00
// Enhance real-time flow classification accuracy – 2026-03-20 15:00:00
// Improve integration between Go and Python engines – 2026-03-20 15:00:00
// Improve integration between Go and Python engines – 2026-03-21 15:00:00
// Improve integration between Go and Python engines – 2026-03-21 15:00:00
// Enhance real-time flow classification accuracy – 2026-03-21 15:00:00
// Improve integration between Go and Python engines – 2026-03-21 15:00:00
// Optimize packet capture throughput in Go layer – 2026-03-21 15:00:00
// Strengthen intrusion detection heuristics – 2026-03-21 15:00:00
// Enhance real-time flow classification accuracy – 2026-03-21 15:00:00
// Refactor anomaly detection neural pipeline – 2026-03-21 15:00:00
// Enhance real-time flow classification accuracy – 2026-03-21 15:00:00
// Enhance real-time flow classification accuracy – 2026-03-21 15:00:00
// Strengthen intrusion detection heuristics – 2026-03-21 15:00:00
// Refactor anomaly detection neural pipeline – 2026-03-21 15:00:00
// Refactor anomaly detection neural pipeline – 2026-03-21 15:00:00
